<?xml version="1.0" encoding="UTF-8"?>
<testsuite xmlns:xsi="http://www.w3.org/2001/XMLSchema-instance" xsi:noNamespaceSchemaLocation="https://maven.apache.org/surefire/maven-surefire-plugin/xsd/surefire-test-report-3.0.xsd" version="3.0" name="de.hspf.swt.mondial.jpa.CountryJpaControllerTest" time="1.404" tests="5" errors="0" skipped="0" failures="0">
  <properties>
    <property name="java.specification.version" value="13"/>
    <property name="sun.cpu.isalist" value="amd64"/>
    <property name="sun.jnu.encoding" value="Cp1252"/>
    <property name="java.class.path" value="C:\Users\ThomasSchuster\development\mondial\target\test-classes;C:\Users\ThomasSchuster\development\mondial\target\classes;C:\Users\ThomasSchuster\.m2\repository\org\eclipse\persistence\eclipselink\2.7.5\eclipselink-2.7.5.jar;C:\Users\ThomasSchuster\.m2\repository\org\eclipse\persistence\jakarta.persistence\2.2.3\jakarta.persistence-2.2.3.jar;C:\Users\ThomasSchuster\.m2\repository\org\eclipse\persistence\commonj.sdo\2.1.1\commonj.sdo-2.1.1.jar;C:\Users\ThomasSchuster\.m2\repository\org\postgresql\postgresql\42.2.9\postgresql-42.2.9.jar;C:\Users\ThomasSchuster\.m2\repository\org\projectlombok\lombok\1.18.10\lombok-1.18.10.jar;C:\Users\ThomasSchuster\.m2\repository\org\junit\jupiter\junit-jupiter-api\5.4.0\junit-jupiter-api-5.4.0.jar;C:\Users\ThomasSchuster\.m2\repository\org\apiguardian\apiguardian-api\1.0.0\apiguardian-api-1.0.0.jar;C:\Users\ThomasSchuster\.m2\repository\org\opentest4j\opentest4j\1.1.1\opentest4j-1.1.1.jar;C:\Users\ThomasSchuster\.m2\repository\org\junit\platform\junit-platform-commons\1.4.0\junit-platform-commons-1.4.0.jar;C:\Users\ThomasSchuster\.m2\repository\org\junit\jupiter\junit-jupiter-params\5.4.0\junit-jupiter-params-5.4.0.jar;C:\Users\ThomasSchuster\.m2\repository\org\junit\jupiter\junit-jupiter-engine\5.4.0\junit-jupiter-engine-5.4.0.jar;C:\Users\ThomasSchuster\.m2\repository\org\junit\platform\junit-platform-engine\1.4.0\junit-platform-engine-1.4.0.jar;"/>
    <property name="java.vm.vendor" value="Oracle Corporation"/>
    <property name="sun.arch.data.model" value="64"/>
    <property name="user.variant" value=""/>
    <property name="java.vendor.url" value="https://java.oracle.com/"/>
    <property name="user.timezone" value="Europe/Berlin"/>
    <property name="os.name" value="Windows 10"/>
    <property name="java.vm.specification.version" value="13"/>
    <property name="user.country" value="DE"/>
    <property name="sun.java.launcher" value="SUN_STANDARD"/>
    <property name="sun.boot.library.path" value="C:\Program Files\Java\jdk-13\bin"/>
    <property name="sun.java.command" value="C:\Users\ThomasSchuster\AppData\Local\Temp\surefire10518808417266417512\surefirebooter13101899284247438853.jar C:\Users\ThomasSchuster\AppData\Local\Temp\surefire10518808417266417512 2019-12-20T18-43-26_757-jvmRun1 surefire2715042578978375215tmp surefire_017677186334949991106tmp"/>
    <property name="jdk.debug" value="release"/>
    <property name="test" value="de.hspf.swt.mondial.jpa.CountryJpaControllerTest"/>
    <property name="surefire.test.class.path" value="C:\Users\ThomasSchuster\development\mondial\target\test-classes;C:\Users\ThomasSchuster\development\mondial\target\classes;C:\Users\ThomasSchuster\.m2\repository\org\eclipse\persistence\eclipselink\2.7.5\eclipselink-2.7.5.jar;C:\Users\ThomasSchuster\.m2\repository\org\eclipse\persistence\jakarta.persistence\2.2.3\jakarta.persistence-2.2.3.jar;C:\Users\ThomasSchuster\.m2\repository\org\eclipse\persistence\commonj.sdo\2.1.1\commonj.sdo-2.1.1.jar;C:\Users\ThomasSchuster\.m2\repository\org\postgresql\postgresql\42.2.9\postgresql-42.2.9.jar;C:\Users\ThomasSchuster\.m2\repository\org\projectlombok\lombok\1.18.10\lombok-1.18.10.jar;C:\Users\ThomasSchuster\.m2\repository\org\junit\jupiter\junit-jupiter-api\5.4.0\junit-jupiter-api-5.4.0.jar;C:\Users\ThomasSchuster\.m2\repository\org\apiguardian\apiguardian-api\1.0.0\apiguardian-api-1.0.0.jar;C:\Users\ThomasSchuster\.m2\repository\org\opentest4j\opentest4j\1.1.1\opentest4j-1.1.1.jar;C:\Users\ThomasSchuster\.m2\repository\org\junit\platform\junit-platform-commons\1.4.0\junit-platform-commons-1.4.0.jar;C:\Users\ThomasSchuster\.m2\repository\org\junit\jupiter\junit-jupiter-params\5.4.0\junit-jupiter-params-5.4.0.jar;C:\Users\ThomasSchuster\.m2\repository\org\junit\jupiter\junit-jupiter-engine\5.4.0\junit-jupiter-engine-5.4.0.jar;C:\Users\ThomasSchuster\.m2\repository\org\junit\platform\junit-platform-engine\1.4.0\junit-platform-engine-1.4.0.jar;"/>
    <property name="sun.cpu.endian" value="little"/>
    <property name="user.home" value="C:\Users\ThomasSchuster"/>
    <property name="user.language" value="de"/>
    <property name="java.specification.vendor" value="Oracle Corporation"/>
    <property name="java.version.date" value="2019-09-17"/>
    <property name="java.home" value="C:\Program Files\Java\jdk-13"/>
    <property name="file.separator" value="\"/>
    <property name="basedir" value="C:\Users\ThomasSchuster\development\mondial"/>
    <property name="java.vm.compressedOopsMode" value="Zero based"/>
    <property name="line.separator" value="&#10;"/>
    <property name="java.vm.specification.vendor" value="Oracle Corporation"/>
    <property name="java.specification.name" value="Java Platform API Specification"/>
    <property name="surefire.real.class.path" value="C:\Users\ThomasSchuster\AppData\Local\Temp\surefire10518808417266417512\surefirebooter13101899284247438853.jar"/>
    <property name="user.script" value=""/>
    <property name="sun.management.compiler" value="HotSpot 64-Bit Tiered Compilers"/>
    <property name="java.runtime.version" value="13+33"/>
    <property name="user.name" value="ThomasSchuster"/>
    <property name="path.separator" value=";"/>
    <property name="os.version" value="10.0"/>
    <property name="java.runtime.name" value="OpenJDK Runtime Environment"/>
    <property name="file.encoding" value="UTF-8"/>
    <property name="java.vm.name" value="OpenJDK 64-Bit Server VM"/>
    <property name="maven.ext.class.path" value="C:\Program Files\NetBeans-11.2\netbeans\java\maven-nblib\netbeans-eventspy.jar"/>
    <property name="localRepository" value="C:\Users\ThomasSchuster\.m2\repository"/>
    <property name="java.vendor.url.bug" value="https://bugreport.java.com/bugreport/"/>
    <property name="java.io.tmpdir" value="C:\Users\THOMAS~1\AppData\Local\Temp\"/>
    <property name="java.version" value="13"/>
    <property name="user.dir" value="C:\Users\ThomasSchuster\development\mondial"/>
    <property name="os.arch" value="amd64"/>
    <property name="java.vm.specification.name" value="Java Virtual Machine Specification"/>
    <property name="sun.os.patch.level" value=""/>
    <property name="java.library.path" value="C:\Program Files\Java\jdk-13\bin;C:\WINDOWS\Sun\Java\bin;C:\WINDOWS\system32;C:\WINDOWS;C:\ProgramData\DockerDesktop\version-bin;C:\Program Files\Docker\Docker\Resources\bin;C:\Program Files\Amazon Corretto\jdk1.8.0_222\bin;C:\WINDOWS\system32;C:\WINDOWS;C:\WINDOWS\System32\Wbem;C:\WINDOWS\System32\WindowsPowerShell\v1.0\;C:\WINDOWS\System32\OpenSSH\;C:\Users\ThomasSchuster\devtools\gradle-5.6.2\bin;C:\Users\ThomasSchuster\devtools\apache-maven-3.6.2\bin;C:\Program Files\Git\cmd;C:\Program Files\Intel\WiFi\bin\;C:\Program Files\Common Files\Intel\WirelessCommon\;C:\Program Files\nodejs\;C:\Program Files (x86)\gnupg\bin;C:\Users\ThomasSchuster\devtools\Ruby26-x64\bin;C:\Users\ThomasSchuster\AppData\Local\Programs\Python\Python38\Scripts\;C:\Users\ThomasSchuster\AppData\Local\Programs\Python\Python38\;C:\Users\ThomasSchuster\AppData\Local\Microsoft\WindowsApps;C:\Users\ThomasSchuster\AppData\Local\Programs\Microsoft VS Code\bin;C:\Users\ThomasSchuster\AppData\Roaming\npm;C:\Users\ThomasSchuster\AppData\Roaming\Python\Python38\Scripts;C:\Program Files\JetBrains\IntelliJ IDEA 2019.2.4\bin;;."/>
    <property name="java.vm.info" value="mixed mode, sharing"/>
    <property name="java.vendor" value="Oracle Corporation"/>
    <property name="java.vm.version" value="13+33"/>
    <property name="sun.io.unicode.encoding" value="UnicodeLittle"/>
    <property name="java.class.version" value="57.0"/>
  </properties>
  <testcase name="testGetCountries" classname="de.hspf.swt.mondial.jpa.CountryJpaControllerTest" time="1.294"/>
  <testcase name="testFindCountries" classname="de.hspf.swt.mondial.jpa.CountryJpaControllerTest" time="0.048"/>
  <testcase name="testFindCountry" classname="de.hspf.swt.mondial.jpa.CountryJpaControllerTest" time="0.013"/>
  <testcase name="testGetCountry" classname="de.hspf.swt.mondial.jpa.CountryJpaControllerTest" time="0.008"/>
  <testcase name="testCountCountries" classname="de.hspf.swt.mondial.jpa.CountryJpaControllerTest" time="0.031"/>
</testsuite>